ut: no process found
at: no process found
<ut>
  <output>
C++/test/FieldConvertorsTestCase.cpp:114: error: Failure in integerConvertTo: Expected -2147483648 but was -00
FAILURE: 1 out of 186 tests failed (1 failures).
Test time: 10.73 seconds.
  </output>
</ut>
